#
# There is insufficient memory for the Java Runtime Environment to continue.
# Native memory allocation (mmap) failed to map 268435456 bytes for G1 virtual space
# Possible reasons:
#   The system is out of physical RAM or swap space
#   The process is running with CompressedOops enabled, and the Java Heap may be blocking the growth of the native heap
# Possible solutions:
#   Reduce memory load on the system
#   Increase physical memory or swap space
#   Check if swap backing store is full
#   Decrease Java heap size (-Xmx/-Xms)
#   Decrease number of Java threads
#   Decrease Java thread stack sizes (-Xss)
#   Set larger code cache with -XX:ReservedCodeCacheSize=
#   JVM is running with Zero Based Compressed Oops mode in which the Java heap is
#     placed in the first 32GB address space. The Java Heap base address is the
#     maximum limit for the native heap growth. Please use -XX:HeapBaseMinAddress
#     to set the Java Heap base and to place the Java Heap above 32GB virtual address.
# This output file may be truncated or incomplete.
#
#  Out of Memory Error (os_windows.cpp:3825), pid=2340, tid=7596
#
# JRE version:  (17.0.9) (build )
# Java VM: OpenJDK 64-Bit Server VM (17.0.9+0--11185874, mixed mode, sharing, tiered, compressed oops, compressed class ptrs, g1 gc, windows-amd64)
# No core dump will be written. Minidumps are not enabled by default on client versions of Windows
#

---------------  S U M M A R Y ------------

Command Line: git4idea.http.GitAskPassApp Username for 'https://github.com': 

Host: Intel(R) Core(TM) i5-9400F CPU @ 2.90GHz, 6 cores, 15G,  Windows 10 , 64 bit Build 19041 (10.0.19041.3636)
Time: Mon Jun 17 20:47:55 2024 RTZ 2 (s 10 , 64 bit Build 19041 (10.0.19041.3636) elapsed time: 0.426453 seconds (0d 0h 0m 0s)

---------------  T H R E A D  ---------------

Current thread (0x0000017de00980f0):  JavaThread "Unknown thread" [_thread_in_vm, id=7596, stack(0x00000014c5800000,0x00000014c5900000)]

Stack: [0x00000014c5800000,0x00000014c5900000]
Native frames: (J=compiled Java code, j=interpreted, Vv=VM code, C=native code)
V  [jvm.dll+0x6886e9]
V  [jvm.dll+0x841e4a]
V  [jvm.dll+0x843a8e]
V  [jvm.dll+0x8440f3]
V  [jvm.dll+0x24c14f]
V  [jvm.dll+0x685499]
V  [jvm.dll+0x679c2a]
V  [jvm.dll+0x30cf9b]
V  [jvm.dll+0x314446]
V  [jvm.dll+0x36425e]
V  [jvm.dll+0x36448f]
V  [jvm.dll+0x2e2d68]
V  [jvm.dll+0x2e3cd4]
V  [jvm.dll+0x8129f1]
V  [jvm.dll+0x3720c1]
V  [jvm.dll+0x7f152c]
V  [jvm.dll+0x3f5d4f]
V  [jvm.dll+0x3f7981]
C  [jli.dll+0x528f]
C  [ucrtbase.dll+0x21bb2]
C  [KERNEL32.DLL+0x17344]
C  [ntdll.dll+0x4cc91]


---------------  P R O C E S S  ---------------

Threads class SMR info:
_java_thread_list=0x00007fffb2cfef18, length=0, elements={
}

Java Threads: ( => current thread )

Other Threads:
  0x0000017de0101ce0 GCTaskThread "GC Thread#0" [stack: 0x00000014c5900000,0x00000014c5a00000] [id=3220]
  0x0000017de0112b90 ConcurrentGCThread "G1 Main Marker" [stack: 0x00000014c5a00000,0x00000014c5b00000] [id=17520]
  0x0000017de0113d50 ConcurrentGCThread "G1 Conc#0" [stack: 0x00000014c5b00000,0x00000014c5c00000] [id=7548]

[error occurred during error reporting (printing all threads), id 0xc0000005, EXCEPTION_ACCESS_VIOLATION (0xc0000005) at pc=0x00007fffb24b3937]

VM state: not at safepoint (not fully initialized)

VM Mutex/Monitor currently owned by a thread:  ([mutex/lock_event])
[0x0000017de0095c30] Heap_lock - owner thread: 0x0000017de00980f0

Heap address: 0x0000000701600000, size: 4074 MB, Compressed Oops mode: Zero based, Oop shift amount: 3

CDS archive(s) mapped at: [0x0000000000000000-0x0000000000000000-0x0000000000000000), size 0, SharedBaseAddress: 0x0000000800000000, ArchiveRelocationMode: 1.
Narrow klass base: 0x0000000000000000, Narrow klass shift: 0, Narrow klass range: 0x0

GC Precious Log:
<Empty>

Heap:
 garbage-first heap   total 0K, used 0K [0x0000000701600000, 0x0000000800000000)
  region size 2048K, 0 young (0K), 0 survivors (0K)
 Metaspace       used 0K, committed 0K, reserved 0K
  class space    used 0K, committed 0K, reserved 0K

Heap Regions: E=young(eden), S=young(survivor), O=old, HS=humongous(starts), HC=humongous(continues), CS=collection set, F=free, OA=open archive, CA=closed archive, TAMS=top-at-mark-start (previous, next)

Card table byte_map: [0x0000017df4dd0000,0x0000017df55d0000] _byte_map_base: 0x0000017df15c5000

Marking Bits (Prev, Next): (CMBitMap*) 0x0000017de0102300, (CMBitMap*) 0x0000017de0102340
 Prev Bits: [0x0000017df5dd0000, 0x0000017df9d78000)
 Next Bits: [0x0000017df9d80000, 0x0000017dfdd28000)

GC Heap History (0 events):
No events

Dll operation events (1 events):
Event: 0.156 Loaded shared library H:\Program Files\Android\Android Studio1\jbr\bin\java.dll

Deoptimization events (0 events):
No events

Classes unloaded (0 events):
No events

Classes redefined (0 events):
No events

Internal exceptions (0 events):
No events

VM Operations (0 events):
No events

Events (0 events):
No events


Dynamic libraries:
0x00007ff756560000 - 0x00007ff75656a000 	H:\Program Files\Android\Android Studio1\jbr\bin\java.exe
0x00007fffef050000 - 0x00007fffef248000 	C:\WINDOWS\SYSTEM32\ntdll.dll
0x00007fffd21f0000 - 0x00007fffd2209000 	C:\Program Files\AVAST Software\Avast\aswhook.dll
0x00007fffedc00000 - 0x00007fffedcbd000 	C:\WINDOWS\System32\KERNEL32.DLL
0x00007fffecb80000 - 0x00007fffece76000 	C:\WINDOWS\System32\KERNELBASE.dll
0x00007fffec900000 - 0x00007fffeca00000 	C:\WINDOWS\System32\ucrtbase.dll
0x00007fffe4260000 - 0x00007fffe4277000 	H:\Program Files\Android\Android Studio1\jbr\bin\jli.dll
0x00007fffe6aa0000 - 0x00007fffe6abb000 	H:\Program Files\Android\Android Studio1\jbr\bin\VCRUNTIME140.dll
0x00007fffedf20000 - 0x00007fffee0bf000 	C:\WINDOWS\System32\USER32.dll
0x00007fffece80000 - 0x00007fffecea2000 	C:\WINDOWS\System32\win32u.dll
0x00007fffd6100000 - 0x00007fffd639a000 	C:\WINDOWS\WinSxS\amd64_microsoft.windows.common-controls_6595b64144ccf1df_6.0.19041.4355_none_60b8b9eb71f62e16\COMCTL32.dll
0x00007fffedda0000 - 0x00007fffeddcb000 	C:\WINDOWS\System32\GDI32.dll
0x00007fffede80000 - 0x00007fffedf1e000 	C:\WINDOWS\System32\msvcrt.dll
0x00007fffec7e0000 - 0x00007fffec8f7000 	C:\WINDOWS\System32\gdi32full.dll
0x00007fffecab0000 - 0x00007fffecb4d000 	C:\WINDOWS\System32\msvcp_win.dll
0x00007fffeeaf0000 - 0x00007fffeeb1f000 	C:\WINDOWS\System32\IMM32.DLL
0x00007fffe73c0000 - 0x00007fffe73cc000 	H:\Program Files\Android\Android Studio1\jbr\bin\vcruntime140_1.dll
0x00007fffd6870000 - 0x00007fffd68fd000 	H:\Program Files\Android\Android Studio1\jbr\bin\msvcp140.dll
0x00007fffb21c0000 - 0x00007fffb2e43000 	H:\Program Files\Android\Android Studio1\jbr\bin\server\jvm.dll
0x00007fffeddd0000 - 0x00007fffede80000 	C:\WINDOWS\System32\ADVAPI32.dll
0x00007fffee130000 - 0x00007fffee1d0000 	C:\WINDOWS\System32\sechost.dll
0x00007fffed350000 - 0x00007fffed473000 	C:\WINDOWS\System32\RPCRT4.dll
0x00007fffecb50000 - 0x00007fffecb77000 	C:\WINDOWS\System32\bcrypt.dll
0x00007fffebca0000 - 0x00007fffebceb000 	C:\WINDOWS\SYSTEM32\POWRPROF.dll
0x00007fffd36f0000 - 0x00007fffd36f9000 	C:\WINDOWS\SYSTEM32\WSOCK32.dll
0x00007fffd8200000 - 0x00007fffd8227000 	C:\WINDOWS\SYSTEM32\WINMM.dll
0x00007fffe86e0000 - 0x00007fffe86ea000 	C:\WINDOWS\SYSTEM32\VERSION.dll
0x00007fffee0c0000 - 0x00007fffee12b000 	C:\WINDOWS\System32\WS2_32.dll
0x00007fffebb60000 - 0x00007fffebb72000 	C:\WINDOWS\SYSTEM32\UMPDC.dll
0x00007fffea610000 - 0x00007fffea622000 	C:\WINDOWS\SYSTEM32\kernel.appcore.dll
0x00007fffe9a30000 - 0x00007fffe9a3a000 	H:\Program Files\Android\Android Studio1\jbr\bin\jimage.dll
0x00007fffe4380000 - 0x00007fffe4564000 	C:\WINDOWS\SYSTEM32\DBGHELP.DLL
0x00007fffe4340000 - 0x00007fffe4374000 	C:\WINDOWS\SYSTEM32\dbgcore.DLL
0x00007fffed060000 - 0x00007fffed0e2000 	C:\WINDOWS\System32\bcryptPrimitives.dll
0x00007fffe5a20000 - 0x00007fffe5a45000 	H:\Program Files\Android\Android Studio1\jbr\bin\java.dll

dbghelp: loaded successfully - version: 4.0.5 - missing functions: none
symbol engine: initialized successfully - sym options: 0x614 - pdb path: .;H:\Program Files\Android\Android Studio1\jbr\bin;C:\WINDOWS\SYSTEM32;C:\Program Files\AVAST Software\Avast;C:\WINDOWS\WinSxS\amd64_microsoft.windows.common-controls_6595b64144ccf1df_6.0.19041.4355_none_60b8b9eb71f62e16;H:\Program Files\Android\Android Studio1\jbr\bin\server

VM Arguments:
java_command: git4idea.http.GitAskPassApp Username for 'https://github.com': 
java_class_path (initial): H:/Program Files/Android/Android Studio1/plugins/vcs-git/lib/git4idea-rt.jar;H:/Program Files/Android/Android Studio1/lib/externalProcess-rt.jar
Launcher Type: SUN_STANDARD

[Global flags]
     intx CICompilerCount                          = 3                                         {product} {ergonomic}
     uint ConcGCThreads                            = 2                                         {product} {ergonomic}
     uint G1ConcRefinementThreads                  = 6                                         {product} {ergonomic}
   size_t G1HeapRegionSize                         = 2097152                                   {product} {ergonomic}
    uintx GCDrainStackTargetSize                   = 64                                        {product} {ergonomic}
   size_t InitialHeapSize                          = 268435456                                 {product} {ergonomic}
   size_t MarkStackSize                            = 4194304                                   {product} {ergonomic}
   size_t MaxHeapSize                              = 4271898624                                {product} {ergonomic}
   size_t MinHeapDeltaBytes                        = 2097152                                   {product} {ergonomic}
   size_t MinHeapSize                              = 8388608                                   {product} {ergonomic}
    uintx NonNMethodCodeHeapSize                   = 5832780                                {pd product} {ergonomic}
    uintx NonProfiledCodeHeapSize                  = 122912730                              {pd product} {ergonomic}
    uintx ProfiledCodeHeapSize                     = 122912730                              {pd product} {ergonomic}
    uintx ReservedCodeCacheSize                    = 251658240                              {pd product} {ergonomic}
     bool SegmentedCodeCache                       = true                                      {product} {ergonomic}
   size_t SoftMaxHeapSize                          = 4271898624                             {manageable} {ergonomic}
     bool UseCompressedClassPointers               = true                           {product lp64_product} {ergonomic}
     bool UseCompressedOops                        = true                           {product lp64_product} {ergonomic}
     bool UseG1GC                                  = true                                      {product} {ergonomic}
     bool UseLargePagesIndividualAllocation        = false                                  {pd product} {ergonomic}

Logging:
Log output configuration:
 #0: stdout all=warning uptime,level,tags
 #1: stderr all=off uptime,level,tags

Environment Variables:
PATH=C:\Program Files\Git\mingw64\libexec\git-core;C:\Program Files\Git\mingw64\libexec\git-core;C:\Program Files\Git\mingw64\bin;C:\Program Files\Git\usr\bin;C:\Users\Anna\bin;C:\Program Files\Microsoft MPI\Bin;C:\Program Files\Common Files\Oracle\Java\javapath;C:\Program Files\ImageMagick-7.1.0-Q16-HDRI;C:\Program Files (x86)\NVIDIA Corporation\PhysX\Common;C:\WATCOM\BINNT;C:\WATCOM\BINW;C:\Program Files (x86)\Common Files\Oracle\Java\javapath;C:\WINDOWS\system32;C:\WINDOWS;C:\WINDOWS\System32\Wbem;C:\WINDOWS\System32\WindowsPowerShell\v1.0;C:\Program Files\Git\cmd;C:\Program Files\dotnet;C:\WINDOWS\System32\OpenSSH;C:\Program Files\Microsoft SQL Server\150\Tools\Binn;C:\Program Files\Microsoft SQL Server\Client SDK\ODBC\170\Tools\Binn;C:\Users\Anna\Documents\Android\platform-tools;C:\Program Files\nodejs;E:\Borland\Delphi7\Bin;E:\Borland\Delphi7\Projects\Bpl;C:\Users\Anna\scoop\apps\python\current\Scripts;C:\Users\Anna\scoop\apps\python\current;C:\Users\Anna\scoop\shims;C:\Users\Anna\AppData\Local\Programs\Python\Python310\Scripts;C:\Users\Anna\AppData\Local\Programs\Python\Python310;C:\Program Files (x86)\Python\Scripts;C:\Program Files (x86)\Python;C:\Program Files\JetBrains\CLion 2020.3\bin;E:\Users\Anna\AppData\Local\Programs\Microsoft VS Code\bin;C:\Users\Anna\.dotnet\tools;C:\Users\Anna\AppData\Local\Microsoft\WindowsApps;C:\Users\Anna\AppData\Local\Programs\MiKTeX\miktex\bin\x64;H:\Program Files\JetBrains\IntelliJ IDEA 2022.3.3\bin;C:\Users\Anna\AppData\Roaming\npm;H:\PyCharm Community Edition 2023.1.2\bin;C:\Program Files\JetBrains\CLion 2023.3.4\bin;C:\Program Files\Microsoft MPI\Bin
USERNAME=Anna
DISPLAY=:0.0
LC_ALL=en_US.UTF-8
TERM=cygwin
TMPDIR=C:\Users\Anna\AppData\Local\Temp
OS=Windows_NT
PROCESSOR_IDENTIFIER=Intel64 Family 6 Model 158 Stepping 10, GenuineIntel
TMP=C:\Users\Anna\AppData\Local\Temp
TEMP=C:\Users\Anna\AppData\Local\Temp



Periodic native trim disabled

JNI global refs:
JNI global refs: 0, weak refs: 0

JNI global refs memory usage: 0, weak refs: 0

OOME stack traces (most recent first):
Classloader memory used:


---------------  S Y S T E M  ---------------

OS:
 Windows 10 , 64 bit Build 19041 (10.0.19041.3636)
OS uptime: 3 days 7:37 hours

CPU: total 6 (initial active 6) (6 cores per cpu, 1 threads per core) family 6 model 158 stepping 10 microcode 0xb4, cx8, cmov, fxsr, mmx, 3dnowpref, sse, sse2, sse3, ssse3, sse4.1, sse4.2, popcnt, lzcnt, tsc, tscinvbit, avx, avx2, aes, erms, clmul, bmi1, bmi2, adx, fma, vzeroupper, clflush, clflushopt
Processor Information for all 6 processors :
  Max Mhz: 2904, Current Mhz: 2904, Mhz Limit: 2904

Memory: 4k page, system-wide physical 16295M (2925M free)
TotalPageFile size 27766M (AvailPageFile size 59M)
current process WorkingSet (physical memory assigned to process): 11M, peak: 11M
current process commit charge ("private bytes"): 56M, peak: 312M

vm_info: OpenJDK 64-Bit Server VM (17.0.9+0--11185874) for windows-amd64 JRE (17.0.9+0--11185874), built on Dec  6 2023 18:57:44 by "androidbuild" with MS VC++ 16.10 / 16.11 (VS2019)

END.
